<?xml version="1.0" encoding="UTF-8"?>
<!-- Generated by org.testng.reporters.JUnitReportReporter -->
<testsuite hostname="QA001" name="TestNG.TestNG" tests="5" failures="0" timestamp="30 Jul 2015 18:29:49 GMT" time="55.490" errors="0">
  <testcase name="VNFD" time="52.987" classname="TestNG.TestNG"/>
  <testcase name="c_test" time="0.001" classname="TestNG.TestNG"/>
  <testcase name="a_test" time="0.006" classname="TestNG.TestNG"/>
  <testcase name="login" time="2.495" classname="TestNG.TestNG"/>
  <testcase name="b_test" time="0.001" classname="TestNG.TestNG"/>
</testsuite> <!-- TestNG.TestNG -->
