<?xml version="1.0" encoding="UTF-8"?>
<!-- Generated by org.testng.reporters.JUnitReportReporter -->
<testsuite hostname="QA001" name="PageFactory.PageFactory" tests="1" failures="0" timestamp="13 Mar 2015 17:42:05 GMT" time="0.656" errors="0">
  <testcase name="test" time="0.656" classname="PageFactory.PageFactory"/>
</testsuite> <!-- PageFactory.PageFactory -->
