<?xml version="1.0" encoding="UTF-8"?>
<!-- Generated by org.testng.reporters.JUnitReportReporter -->
<testsuite hostname="QA001" name="test.Start" tests="1" failures="0" timestamp="9 Apr 2015 00:34:59 GMT" time="13.104" errors="0">
  <testcase name="test2" time="13.104" classname="test.Start"/>
</testsuite> <!-- test.Start -->
