<?xml version="1.0" encoding="UTF-8"?>
<!-- Generated by org.testng.reporters.JUnitReportReporter -->
<testsuite hostname="QA001" name="TestNG.PageFactory" tests="1" failures="0" timestamp="13 Mar 2015 00:10:22 GMT" time="0.761" errors="0">
  <testcase name="test" time="0.761" classname="TestNG.PageFactory"/>
</testsuite> <!-- TestNG.PageFactory -->
