<?xml version="1.0" encoding="UTF-8"?>
<!-- Generated by org.testng.reporters.JUnitReportReporter -->
<testsuite hostname="QA001" name="TestNG.TestNG" tests="5" failures="0" timestamp="29 Jul 2015 23:01:46 GMT" time="61.108" errors="0">
  <testcase name="c_test" time="0.000" classname="TestNG.TestNG"/>
  <testcase name="actionVNFD" time="57.701" classname="TestNG.TestNG"/>
  <testcase name="a_test" time="0.005" classname="TestNG.TestNG"/>
  <testcase name="login" time="3.401" classname="TestNG.TestNG"/>
  <testcase name="b_test" time="0.001" classname="TestNG.TestNG"/>
</testsuite> <!-- TestNG.TestNG -->
