<?xml version="1.0" encoding="UTF-8"?>
<!-- Generated by org.testng.reporters.JUnitReportReporter -->
<testsuite hostname="QA001" name="TestNG.TestNG" tests="5" failures="0" timestamp="28 Jul 2015 00:22:01 GMT" time="23.540" errors="0">
  <testcase name="c_test" time="0.000" classname="TestNG.TestNG"/>
  <testcase name="action" time="21.134" classname="TestNG.TestNG"/>
  <testcase name="a_test" time="0.005" classname="TestNG.TestNG"/>
  <testcase name="login" time="2.400" classname="TestNG.TestNG"/>
  <testcase name="b_test" time="0.001" classname="TestNG.TestNG"/>
</testsuite> <!-- TestNG.TestNG -->
