<?xml version="1.0" encoding="UTF-8"?>
<!-- Generated by org.testng.reporters.JUnitReportReporter -->
<testsuite hostname="QA001" name="test.PageFactory" tests="1" failures="0" timestamp="16 Mar 2015 23:47:50 GMT" time="13.462" errors="0">
  <testcase name="test" time="13.462" classname="test.PageFactory"/>
</testsuite> <!-- test.PageFactory -->
