<?xml version="1.0" encoding="UTF-8"?>
<!-- Generated by org.testng.reporters.JUnitReportReporter -->
<testsuite hostname="QA001" name="TestNG.TestNG" tests="5" failures="0" timestamp="3 Aug 2015 20:25:11 GMT" time="110.154" errors="0">
  <testcase name="c_test" time="0.001" classname="TestNG.TestNG"/>
  <testcase name="a_test" time="0.006" classname="TestNG.TestNG"/>
  <testcase name="login" time="2.499" classname="TestNG.TestNG"/>
  <testcase name="actionVNFD" time="107.648" classname="TestNG.TestNG"/>
  <testcase name="b_test" time="0.000" classname="TestNG.TestNG"/>
</testsuite> <!-- TestNG.TestNG -->
