<?xml version="1.0" encoding="UTF-8"?>
<!-- Generated by org.testng.reporters.JUnitReportReporter -->
<testsuite hostname="QA001" name="TestNG.TestNG" tests="5" failures="0" timestamp="3 Aug 2015 17:59:48 GMT" time="47.709" errors="0">
  <testcase name="c_test" time="0.000" classname="TestNG.TestNG"/>
  <testcase name="VNFD" time="45.236" classname="TestNG.TestNG"/>
  <testcase name="a_test" time="0.005" classname="TestNG.TestNG"/>
  <testcase name="login" time="2.467" classname="TestNG.TestNG"/>
  <testcase name="b_test" time="0.001" classname="TestNG.TestNG"/>
</testsuite> <!-- TestNG.TestNG -->
