<?xml version="1.0" encoding="UTF-8"?>
<!-- Generated by org.testng.reporters.JUnitReportReporter -->
<testsuite hostname="QA001" name="TestNG.testPageObj" tests="1" failures="0" timestamp="12 Mar 2015 23:27:46 GMT" time="0.596" errors="0">
  <testcase name="test" time="0.596" classname="TestNG.testPageObj"/>
</testsuite> <!-- TestNG.testPageObj -->
