<?xml version="1.0" encoding="UTF-8"?>
<!-- Generated by org.testng.reporters.JUnitReportReporter -->
<testsuite hostname="QA001" name="TestNG.TestNG" tests="2" failures="0" timestamp="4 Aug 2015 23:32:46 GMT" time="43.381" errors="0">
  <testcase name="actionVNFD" time="40.905" classname="TestNG.TestNG"/>
  <testcase name="login" time="2.476" classname="TestNG.TestNG"/>
</testsuite> <!-- TestNG.TestNG -->
